[INFO][2018-11-21 13:31:50 893][main][com.study.query_creator.App:50] Starting App on localhost with PID 33591 (/Users/didi/study/query_creator_with_status/target/classes started by didi in /Users/didi/study/query_creator_with_status)
[INFO][2018-11-21 13:31:50 897][main][com.study.query_creator.App:679] The following profiles are active: dev
[INFO][2018-11-21 13:35:09 997][main][com.study.query_creator.App:50] Starting App on localhost with PID 33622 (/Users/didi/study/query_creator_with_status/target/classes started by didi in /Users/didi/study/query_creator_with_status)
[INFO][2018-11-21 13:35:10 010][main][com.study.query_creator.App:679] The following profiles are active: dev
[INFO][2018-11-21 13:36:58 240][main][com.study.query_creator.App:50] Starting App on localhost with PID 33644 (/Users/didi/study/query_creator_with_status/target/classes started by didi in /Users/didi/study/query_creator_with_status)
[INFO][2018-11-21 13:36:58 246][main][com.study.query_creator.App:679] The following profiles are active: dev
[INFO][2018-11-21 13:37:04 458][main][com.study.query_creator.App:59] Started App in 7.587 seconds (JVM running for 8.317)
[INFO][2018-11-21 13:38:38 824][main][com.study.query_creator.App:50] Starting App on localhost with PID 33671 (/Users/didi/study/query_creator_with_status/target/classes started by didi in /Users/didi/study/query_creator_with_status)
[INFO][2018-11-21 13:38:38 891][main][com.study.query_creator.App:679] The following profiles are active: dev
[INFO][2018-11-21 13:38:43 922][main][com.study.query_creator.App:59] Started App in 6.381 seconds (JVM running for 7.393)
[INFO][2018-11-21 13:40:21 775][main][com.study.query_creator.App:50] Starting App on localhost with PID 33689 (/Users/didi/study/query_creator_with_status/target/classes started by didi in /Users/didi/study/query_creator_with_status)
[INFO][2018-11-21 13:40:21 775][main][com.study.query_creator.App:50] Starting App on localhost with PID 33689 (/Users/didi/study/query_creator_with_status/target/classes started by didi in /Users/didi/study/query_creator_with_status)
[INFO][2018-11-21 13:40:21 779][main][com.study.query_creator.App:679] The following profiles are active: dev
[INFO][2018-11-21 13:40:21 779][main][com.study.query_creator.App:679] The following profiles are active: dev
[INFO][2018-11-21 13:40:28 241][main][com.study.query_creator.App:59] Started App in 7.572 seconds (JVM running for 8.355)
[INFO][2018-11-21 13:40:28 241][main][com.study.query_creator.App:59] Started App in 7.572 seconds (JVM running for 8.355)
[INFO][2018-11-21 13:41:40 439][main][com.study.query_creator.App:50] Starting App on localhost with PID 33701 (/Users/didi/study/query_creator_with_status/target/classes started by didi in /Users/didi/study/query_creator_with_status)
[INFO][2018-11-21 13:41:40 439][main][com.study.query_creator.App:50] Starting App on localhost with PID 33701 (/Users/didi/study/query_creator_with_status/target/classes started by didi in /Users/didi/study/query_creator_with_status)
[INFO][2018-11-21 13:41:40 444][main][com.study.query_creator.App:679] The following profiles are active: dev
[INFO][2018-11-21 13:41:40 444][main][com.study.query_creator.App:679] The following profiles are active: dev
[INFO][2018-11-21 13:41:46 024][main][com.study.query_creator.App:59] Started App in 6.953 seconds (JVM running for 7.666)
[INFO][2018-11-21 13:41:46 024][main][com.study.query_creator.App:59] Started App in 6.953 seconds (JVM running for 7.666)
[INFO][2018-11-21 14:22:54 652][main][com.study.query_creator.App:50] Starting App on localhost with PID 34196 (/Users/didi/study/query_creator_with_status/target/classes started by didi in /Users/didi/study/query_creator_with_status)
[INFO][2018-11-21 14:22:54 652][main][com.study.query_creator.App:50] Starting App on localhost with PID 34196 (/Users/didi/study/query_creator_with_status/target/classes started by didi in /Users/didi/study/query_creator_with_status)
[INFO][2018-11-21 14:22:54 667][main][com.study.query_creator.App:679] The following profiles are active: dev
[INFO][2018-11-21 14:22:54 667][main][com.study.query_creator.App:679] The following profiles are active: dev
[INFO][2018-11-21 14:23:06 067][main][com.study.query_creator.App:59] Started App in 12.615 seconds (JVM running for 13.347)
[INFO][2018-11-21 14:23:06 067][main][com.study.query_creator.App:59] Started App in 12.615 seconds (JVM running for 13.347)
[INFO][2018-11-21 14:24:33 362][http-nio-8095-exec-1][com.zaxxer.hikari.HikariDataSource:110] HikariPool-1 - Starting...
[INFO][2018-11-21 14:24:34 837][http-nio-8095-exec-1][c.s.q.c.u.t.TimeProfilingAspect:34] execute time profiler: ###RequestController.add, 1527ms
[INFO][2018-11-21 14:24:34 837][http-nio-8095-exec-1][c.s.q.c.u.t.TimeProfilingAspect:34] execute time profiler: ###RequestController.add, 1527ms
[INFO][2018-11-21 14:26:24 020][main][com.study.query_creator.App:50] Starting App on localhost with PID 34213 (/Users/didi/study/query_creator_with_status/target/classes started by didi in /Users/didi/study/query_creator_with_status)
[INFO][2018-11-21 14:26:24 020][main][com.study.query_creator.App:50] Starting App on localhost with PID 34213 (/Users/didi/study/query_creator_with_status/target/classes started by didi in /Users/didi/study/query_creator_with_status)
[INFO][2018-11-21 14:26:24 026][main][com.study.query_creator.App:679] The following profiles are active: dev
[INFO][2018-11-21 14:26:24 026][main][com.study.query_creator.App:679] The following profiles are active: dev
[INFO][2018-11-21 14:26:29 722][main][com.study.query_creator.App:59] Started App in 6.914 seconds (JVM running for 7.56)
[INFO][2018-11-21 14:26:29 722][main][com.study.query_creator.App:59] Started App in 6.914 seconds (JVM running for 7.56)
[INFO][2018-11-21 14:26:31 075][http-nio-8095-exec-1][com.zaxxer.hikari.HikariDataSource:110] HikariPool-1 - Starting...
[INFO][2018-11-21 14:26:32 516][http-nio-8095-exec-1][c.s.q.c.u.auditlog.AuditLogAspect:81] auditlog||system=system||hostIp=127.0.0.1||userName=system||url=http://localhost:8095/add/req2/getget||getParams={}||postParams=null||userIp=0:0:0:0:0:0:0:1||timestamp=2018-11-21 14:26:32||response={"headers":{},"body":{"status":"failed","result":null},"statusCodeValue":200,"statusCode":"200 OK"}||traceid=traceId||level=INFO||result=200
[INFO][2018-11-21 14:26:32 516][http-nio-8095-exec-1][c.s.q.c.u.auditlog.AuditLogAspect:81] auditlog||system=system||hostIp=127.0.0.1||userName=system||url=http://localhost:8095/add/req2/getget||getParams={}||postParams=null||userIp=0:0:0:0:0:0:0:1||timestamp=2018-11-21 14:26:32||response={"headers":{},"body":{"status":"failed","result":null},"statusCodeValue":200,"statusCode":"200 OK"}||traceid=traceId||level=INFO||result=200
[INFO][2018-11-21 14:26:32 516][http-nio-8095-exec-1][c.s.q.c.u.t.TimeProfilingAspect:34] execute time profiler: ###RequestController.add, 1483ms
[INFO][2018-11-21 14:26:32 516][http-nio-8095-exec-1][c.s.q.c.u.t.TimeProfilingAspect:34] execute time profiler: ###RequestController.add, 1483ms
[INFO][2018-11-21 14:27:01 781][http-nio-8095-exec-4][com.zaxxer.hikari.HikariDataSource:110] HikariPool-1 - Starting...
[INFO][2018-11-21 14:27:02 840][http-nio-8095-exec-4][c.s.q.c.u.auditlog.AuditLogAspect:81] auditlog||system=system||hostIp=127.0.0.1||userName=system||url=http://localhost:8095/add/req2/getget||getParams={}||postParams=null||userIp=0:0:0:0:0:0:0:1||timestamp=2018-11-21 14:27:02||response={"headers":{},"body":{"status":"failed","result":null},"statusCodeValue":200,"statusCode":"200 OK"}||traceid=traceId||level=INFO||result=200
[INFO][2018-11-21 14:27:02 840][http-nio-8095-exec-4][c.s.q.c.u.auditlog.AuditLogAspect:81] auditlog||system=system||hostIp=127.0.0.1||userName=system||url=http://localhost:8095/add/req2/getget||getParams={}||postParams=null||userIp=0:0:0:0:0:0:0:1||timestamp=2018-11-21 14:27:02||response={"headers":{},"body":{"status":"failed","result":null},"statusCodeValue":200,"statusCode":"200 OK"}||traceid=traceId||level=INFO||result=200
[INFO][2018-11-21 14:27:02 841][http-nio-8095-exec-4][c.s.q.c.u.t.TimeProfilingAspect:34] execute time profiler: ###RequestController.add, 1060ms
[INFO][2018-11-21 14:27:02 841][http-nio-8095-exec-4][c.s.q.c.u.t.TimeProfilingAspect:34] execute time profiler: ###RequestController.add, 1060ms
[INFO][2018-11-21 14:27:14 121][http-nio-8095-exec-7][com.zaxxer.hikari.HikariDataSource:110] HikariPool-1 - Starting...
[INFO][2018-11-21 14:27:15 155][http-nio-8095-exec-7][c.s.q.c.u.auditlog.AuditLogAspect:81] auditlog||system=system||hostIp=127.0.0.1||userName=system||url=http://localhost:8095/add/req2/getget||getParams={}||postParams=null||userIp=0:0:0:0:0:0:0:1||timestamp=2018-11-21 14:27:15||response={"headers":{},"body":{"status":"failed","result":null},"statusCodeValue":200,"statusCode":"200 OK"}||traceid=traceId||level=INFO||result=200
[INFO][2018-11-21 14:27:15 155][http-nio-8095-exec-7][c.s.q.c.u.auditlog.AuditLogAspect:81] auditlog||system=system||hostIp=127.0.0.1||userName=system||url=http://localhost:8095/add/req2/getget||getParams={}||postParams=null||userIp=0:0:0:0:0:0:0:1||timestamp=2018-11-21 14:27:15||response={"headers":{},"body":{"status":"failed","result":null},"statusCodeValue":200,"statusCode":"200 OK"}||traceid=traceId||level=INFO||result=200
[INFO][2018-11-21 14:27:15 156][http-nio-8095-exec-7][c.s.q.c.u.t.TimeProfilingAspect:34] execute time profiler: ###RequestController.add, 1035ms
[INFO][2018-11-21 14:27:15 156][http-nio-8095-exec-7][c.s.q.c.u.t.TimeProfilingAspect:34] execute time profiler: ###RequestController.add, 1035ms
[INFO][2018-11-21 14:29:50 888][main][com.study.query_creator.App:50] Starting App on localhost with PID 34233 (/Users/didi/study/query_creator_with_status/target/classes started by didi in /Users/didi/study/query_creator_with_status)
[INFO][2018-11-21 14:29:50 888][main][com.study.query_creator.App:50] Starting App on localhost with PID 34233 (/Users/didi/study/query_creator_with_status/target/classes started by didi in /Users/didi/study/query_creator_with_status)
[INFO][2018-11-21 14:29:50 896][main][com.study.query_creator.App:679] The following profiles are active: dev
[INFO][2018-11-21 14:29:50 896][main][com.study.query_creator.App:679] The following profiles are active: dev
[INFO][2018-11-21 14:29:57 246][main][com.study.query_creator.App:59] Started App in 7.623 seconds (JVM running for 8.297)
[INFO][2018-11-21 14:29:57 246][main][com.study.query_creator.App:59] Started App in 7.623 seconds (JVM running for 8.297)
[INFO][2018-11-21 14:29:58 214][http-nio-8095-exec-1][com.zaxxer.hikari.HikariDataSource:110] HikariPool-1 - Starting...
[INFO][2018-11-21 14:29:59 661][http-nio-8095-exec-1][c.s.q.c.u.auditlog.AuditLogAspect:81] auditlog||system=system||hostIp=127.0.0.1||userName=system||url=http://localhost:8095/add/req2/getget||getParams={}||postParams=null||userIp=0:0:0:0:0:0:0:1||timestamp=2018-11-21 14:29:59||response={"headers":{},"body":{"status":"failed","result":null},"statusCode":"200 OK","statusCodeValue":200}||traceid=traceId||level=INFO||result=200
[INFO][2018-11-21 14:29:59 661][http-nio-8095-exec-1][c.s.q.c.u.auditlog.AuditLogAspect:81] auditlog||system=system||hostIp=127.0.0.1||userName=system||url=http://localhost:8095/add/req2/getget||getParams={}||postParams=null||userIp=0:0:0:0:0:0:0:1||timestamp=2018-11-21 14:29:59||response={"headers":{},"body":{"status":"failed","result":null},"statusCode":"200 OK","statusCodeValue":200}||traceid=traceId||level=INFO||result=200
[INFO][2018-11-21 14:29:59 661][http-nio-8095-exec-1][c.s.q.c.u.t.TimeProfilingAspect:34] execute time profiler: ###RequestController.add, 1481ms
[INFO][2018-11-21 14:29:59 661][http-nio-8095-exec-1][c.s.q.c.u.t.TimeProfilingAspect:34] execute time profiler: ###RequestController.add, 1481ms
[INFO][2018-11-21 14:35:33 679][main][com.study.query_creator.App:50] Starting App on localhost with PID 34254 (/Users/didi/study/query_creator_with_status/target/classes started by didi in /Users/didi/study/query_creator_with_status)
[INFO][2018-11-21 14:35:33 679][main][com.study.query_creator.App:50] Starting App on localhost with PID 34254 (/Users/didi/study/query_creator_with_status/target/classes started by didi in /Users/didi/study/query_creator_with_status)
[INFO][2018-11-21 14:35:33 686][main][com.study.query_creator.App:679] The following profiles are active: dev
[INFO][2018-11-21 14:35:33 686][main][com.study.query_creator.App:679] The following profiles are active: dev
[INFO][2018-11-21 14:35:39 991][main][com.study.query_creator.App:59] Started App in 7.601 seconds (JVM running for 8.294)
[INFO][2018-11-21 14:35:39 991][main][com.study.query_creator.App:59] Started App in 7.601 seconds (JVM running for 8.294)
[INFO][2018-11-21 14:35:48 496][http-nio-8095-exec-1][com.zaxxer.hikari.HikariDataSource:110] HikariPool-1 - Starting...
[INFO][2018-11-21 14:35:49 914][http-nio-8095-exec-1][c.s.q.c.u.auditlog.AuditLogAspect:81] auditlog||system=system||hostIp=127.0.0.1||userName=system||url=http://localhost:8095/add/req2/getget||getParams={}||postParams=null||userIp=0:0:0:0:0:0:0:1||timestamp=2018-11-21 14:35:49||response={"errno":-1,"data":null,"errmsg":"failed"}||traceid=traceId||level=INFO||result=200
[INFO][2018-11-21 14:35:49 914][http-nio-8095-exec-1][c.s.q.c.u.auditlog.AuditLogAspect:81] auditlog||system=system||hostIp=127.0.0.1||userName=system||url=http://localhost:8095/add/req2/getget||getParams={}||postParams=null||userIp=0:0:0:0:0:0:0:1||timestamp=2018-11-21 14:35:49||response={"errno":-1,"data":null,"errmsg":"failed"}||traceid=traceId||level=INFO||result=200
[INFO][2018-11-21 14:35:49 914][http-nio-8095-exec-1][c.s.q.c.u.t.TimeProfilingAspect:34] execute time profiler: ###RequestController.add, 1449ms
[INFO][2018-11-21 14:35:49 914][http-nio-8095-exec-1][c.s.q.c.u.t.TimeProfilingAspect:34] execute time profiler: ###RequestController.add, 1449ms
[INFO][2018-11-21 14:37:12 304][main][com.study.query_creator.App:50] Starting App on localhost with PID 34260 (/Users/didi/study/query_creator_with_status/target/classes started by didi in /Users/didi/study/query_creator_with_status)
[INFO][2018-11-21 14:37:12 304][main][com.study.query_creator.App:50] Starting App on localhost with PID 34260 (/Users/didi/study/query_creator_with_status/target/classes started by didi in /Users/didi/study/query_creator_with_status)
[INFO][2018-11-21 14:37:12 309][main][com.study.query_creator.App:679] The following profiles are active: dev
[INFO][2018-11-21 14:37:12 309][main][com.study.query_creator.App:679] The following profiles are active: dev
[INFO][2018-11-21 14:37:17 880][main][com.study.query_creator.App:59] Started App in 6.853 seconds (JVM running for 7.642)
[INFO][2018-11-21 14:37:17 880][main][com.study.query_creator.App:59] Started App in 6.853 seconds (JVM running for 7.642)
[INFO][2018-11-21 14:37:25 780][http-nio-8095-exec-1][com.zaxxer.hikari.HikariDataSource:110] HikariPool-1 - Starting...
[INFO][2018-11-21 14:37:27 244][http-nio-8095-exec-1][c.s.q.c.u.auditlog.AuditLogAspect:81] auditlog||system=system||hostIp=127.0.0.1||userName=system||url=http://localhost:8095/add/req2/getget||getParams={}||postParams=null||userIp=0:0:0:0:0:0:0:1||timestamp=2018-11-21 14:37:27||response={"errno":-1,"data":null,"errmsg":"failed"}||traceid=traceId||level=INFO||result=200
[INFO][2018-11-21 14:37:27 244][http-nio-8095-exec-1][c.s.q.c.u.auditlog.AuditLogAspect:81] auditlog||system=system||hostIp=127.0.0.1||userName=system||url=http://localhost:8095/add/req2/getget||getParams={}||postParams=null||userIp=0:0:0:0:0:0:0:1||timestamp=2018-11-21 14:37:27||response={"errno":-1,"data":null,"errmsg":"failed"}||traceid=traceId||level=INFO||result=200
[INFO][2018-11-21 14:37:27 245][http-nio-8095-exec-1][c.s.q.c.u.t.TimeProfilingAspect:34] execute time profiler: ###RequestController.add, 1499ms
[INFO][2018-11-21 14:37:27 245][http-nio-8095-exec-1][c.s.q.c.u.t.TimeProfilingAspect:34] execute time profiler: ###RequestController.add, 1499ms
[INFO][2018-11-21 14:48:07 097][main][com.study.query_creator.App:50] Starting App on localhost with PID 34287 (/Users/didi/study/query_creator_with_status/target/classes started by didi in /Users/didi/study/query_creator_with_status)
[INFO][2018-11-21 14:48:07 097][main][com.study.query_creator.App:50] Starting App on localhost with PID 34287 (/Users/didi/study/query_creator_with_status/target/classes started by didi in /Users/didi/study/query_creator_with_status)
[INFO][2018-11-21 14:48:07 107][main][com.study.query_creator.App:679] The following profiles are active: dev
[INFO][2018-11-21 14:48:07 107][main][com.study.query_creator.App:679] The following profiles are active: dev
[INFO][2018-11-21 14:48:40 934][main][com.study.query_creator.App:50] Starting App on localhost with PID 34291 (/Users/didi/study/query_creator_with_status/target/classes started by didi in /Users/didi/study/query_creator_with_status)
[INFO][2018-11-21 14:48:40 934][main][com.study.query_creator.App:50] Starting App on localhost with PID 34291 (/Users/didi/study/query_creator_with_status/target/classes started by didi in /Users/didi/study/query_creator_with_status)
[INFO][2018-11-21 14:48:40 969][main][com.study.query_creator.App:679] The following profiles are active: dev
[INFO][2018-11-21 14:48:40 969][main][com.study.query_creator.App:679] The following profiles are active: dev
[INFO][2018-11-21 14:48:46 567][main][com.study.query_creator.App:59] Started App in 6.649 seconds (JVM running for 7.381)
[INFO][2018-11-21 14:48:46 567][main][com.study.query_creator.App:59] Started App in 6.649 seconds (JVM running for 7.381)
[INFO][2018-11-21 14:49:05 065][http-nio-8095-exec-3][com.zaxxer.hikari.HikariDataSource:110] HikariPool-1 - Starting...
[INFO][2018-11-21 14:49:06 505][http-nio-8095-exec-3][c.s.q.c.u.auditlog.AuditLogAspect:81] auditlog||system=system||hostIp=127.0.0.1||userName=system||url=http://localhost:8095/add/req2/getget||getParams={}||postParams=null||userIp=0:0:0:0:0:0:0:1||timestamp=2018-11-21 14:49:06||response={"errno":-1,"data":null,"errmsg":"failed"}||traceid=traceId||level=INFO||result=200
[INFO][2018-11-21 14:49:06 505][http-nio-8095-exec-3][c.s.q.c.u.auditlog.AuditLogAspect:81] auditlog||system=system||hostIp=127.0.0.1||userName=system||url=http://localhost:8095/add/req2/getget||getParams={}||postParams=null||userIp=0:0:0:0:0:0:0:1||timestamp=2018-11-21 14:49:06||response={"errno":-1,"data":null,"errmsg":"failed"}||traceid=traceId||level=INFO||result=200
[INFO][2018-11-21 14:49:06 507][http-nio-8095-exec-3][c.s.q.c.u.t.TimeProfilingAspect:34] execute time profiler: ###RequestController.add, 1490ms
[INFO][2018-11-21 14:49:06 507][http-nio-8095-exec-3][c.s.q.c.u.t.TimeProfilingAspect:34] execute time profiler: ###RequestController.add, 1490ms
[INFO][2018-11-21 14:56:42 131][main][com.study.query_creator.App:50] Starting App on localhost with PID 34371 (/Users/didi/study/query_creator_with_status/target/classes started by didi in /Users/didi/study/query_creator_with_status)
[INFO][2018-11-21 14:56:42 131][main][com.study.query_creator.App:50] Starting App on localhost with PID 34371 (/Users/didi/study/query_creator_with_status/target/classes started by didi in /Users/didi/study/query_creator_with_status)
[INFO][2018-11-21 14:56:42 134][main][com.study.query_creator.App:679] The following profiles are active: dev
[INFO][2018-11-21 14:56:42 134][main][com.study.query_creator.App:679] The following profiles are active: dev
[INFO][2018-11-21 14:57:09 477][main][com.study.query_creator.App:50] Starting App on localhost with PID 34376 (/Users/didi/study/query_creator_with_status/target/classes started by didi in /Users/didi/study/query_creator_with_status)
[INFO][2018-11-21 14:57:09 477][main][com.study.query_creator.App:50] Starting App on localhost with PID 34376 (/Users/didi/study/query_creator_with_status/target/classes started by didi in /Users/didi/study/query_creator_with_status)
[INFO][2018-11-21 14:57:09 506][main][com.study.query_creator.App:679] The following profiles are active: dev
[INFO][2018-11-21 14:57:09 506][main][com.study.query_creator.App:679] The following profiles are active: dev
[INFO][2018-11-21 14:57:14 499][main][com.study.query_creator.App:59] Started App in 6.599 seconds (JVM running for 7.257)
[INFO][2018-11-21 14:57:14 499][main][com.study.query_creator.App:59] Started App in 6.599 seconds (JVM running for 7.257)
[INFO][2018-11-21 14:57:25 934][http-nio-8095-exec-1][com.zaxxer.hikari.HikariDataSource:110] HikariPool-1 - Starting...
[INFO][2018-11-21 14:57:27 385][http-nio-8095-exec-1][c.s.q.c.u.auditlog.AuditLogAspect:81] auditlog||system=system||hostIp=127.0.0.1||userName=system||url=http://localhost:8095/add/req2/getget||getParams={}||postParams=null||userIp=0:0:0:0:0:0:0:1||timestamp=2018-11-21 14:57:27||response={"errno":-1,"data":null,"errmsg":"failed"}||traceid=traceId||level=INFO||result=200
[INFO][2018-11-21 14:57:27 385][http-nio-8095-exec-1][c.s.q.c.u.auditlog.AuditLogAspect:81] auditlog||system=system||hostIp=127.0.0.1||userName=system||url=http://localhost:8095/add/req2/getget||getParams={}||postParams=null||userIp=0:0:0:0:0:0:0:1||timestamp=2018-11-21 14:57:27||response={"errno":-1,"data":null,"errmsg":"failed"}||traceid=traceId||level=INFO||result=200
[INFO][2018-11-21 14:57:27 386][http-nio-8095-exec-1][c.s.q.c.u.t.TimeProfilingAspect:34] execute time profiler: ###RequestController.add, 1489ms
[INFO][2018-11-21 14:57:27 386][http-nio-8095-exec-1][c.s.q.c.u.t.TimeProfilingAspect:34] execute time profiler: ###RequestController.add, 1489ms
[INFO][2018-11-21 15:01:38 942][main][com.study.query_creator.App:50] Starting App on localhost with PID 34421 (/Users/didi/study/query_creator_with_status/target/classes started by didi in /Users/didi/study/query_creator_with_status)
[INFO][2018-11-21 15:01:38 942][main][com.study.query_creator.App:50] Starting App on localhost with PID 34421 (/Users/didi/study/query_creator_with_status/target/classes started by didi in /Users/didi/study/query_creator_with_status)
[INFO][2018-11-21 15:01:38 947][main][com.study.query_creator.App:679] The following profiles are active: dev
[INFO][2018-11-21 15:01:38 947][main][com.study.query_creator.App:679] The following profiles are active: dev
[INFO][2018-11-21 15:01:47 154][main][com.study.query_creator.App:59] Started App in 9.644 seconds (JVM running for 10.681)
[INFO][2018-11-21 15:01:47 154][main][com.study.query_creator.App:59] Started App in 9.644 seconds (JVM running for 10.681)
[INFO][2018-11-21 15:03:40 875][main][com.study.query_creator.App:50] Starting App on localhost with PID 34442 (/Users/didi/study/query_creator_with_status/target/classes started by didi in /Users/didi/study/query_creator_with_status)
[INFO][2018-11-21 15:03:40 875][main][com.study.query_creator.App:50] Starting App on localhost with PID 34442 (/Users/didi/study/query_creator_with_status/target/classes started by didi in /Users/didi/study/query_creator_with_status)
[INFO][2018-11-21 15:03:40 886][main][com.study.query_creator.App:679] The following profiles are active: dev
[INFO][2018-11-21 15:03:40 886][main][com.study.query_creator.App:679] The following profiles are active: dev
[INFO][2018-11-21 15:03:46 472][main][com.study.query_creator.App:59] Started App in 6.879 seconds (JVM running for 7.535)
[INFO][2018-11-21 15:03:46 472][main][com.study.query_creator.App:59] Started App in 6.879 seconds (JVM running for 7.535)
[INFO][2018-11-21 15:03:56 569][http-nio-8095-exec-1][com.zaxxer.hikari.HikariDataSource:110] HikariPool-1 - Starting...
[INFO][2018-11-21 15:03:58 057][http-nio-8095-exec-1][c.s.q.c.u.auditlog.AuditLogAspect:81] auditlog||system=system||hostIp=127.0.0.1||userName=system||url=http://localhost:8095/add/req2/getget||getParams={}||postParams=null||userIp=0:0:0:0:0:0:0:1||timestamp=2018-11-21 15:03:58||response={"errno":-1,"data":null,"errmsg":"failed"}||traceid=traceId||level=INFO||result=200
[INFO][2018-11-21 15:03:58 057][http-nio-8095-exec-1][c.s.q.c.u.auditlog.AuditLogAspect:81] auditlog||system=system||hostIp=127.0.0.1||userName=system||url=http://localhost:8095/add/req2/getget||getParams={}||postParams=null||userIp=0:0:0:0:0:0:0:1||timestamp=2018-11-21 15:03:58||response={"errno":-1,"data":null,"errmsg":"failed"}||traceid=traceId||level=INFO||result=200
[INFO][2018-11-21 15:03:58 058][http-nio-8095-exec-1][c.s.q.c.u.t.TimeProfilingAspect:34] execute time profiler: ###RequestController.add, 1517ms
[INFO][2018-11-21 15:03:58 058][http-nio-8095-exec-1][c.s.q.c.u.t.TimeProfilingAspect:34] execute time profiler: ###RequestController.add, 1517ms
[INFO][2018-11-21 15:06:35 041][main][com.study.query_creator.App:50] Starting App on localhost with PID 34469 (/Users/didi/study/query_creator_with_status/target/classes started by didi in /Users/didi/study/query_creator_with_status)
[INFO][2018-11-21 15:06:35 041][main][com.study.query_creator.App:50] Starting App on localhost with PID 34469 (/Users/didi/study/query_creator_with_status/target/classes started by didi in /Users/didi/study/query_creator_with_status)
[INFO][2018-11-21 15:06:35 046][main][com.study.query_creator.App:679] The following profiles are active: dev
[INFO][2018-11-21 15:06:35 046][main][com.study.query_creator.App:679] The following profiles are active: dev
[INFO][2018-11-21 15:06:46 129][main][com.study.query_creator.App:59] Started App in 12.534 seconds (JVM running for 13.57)
[INFO][2018-11-21 15:06:46 129][main][com.study.query_creator.App:59] Started App in 12.534 seconds (JVM running for 13.57)
[INFO][2018-11-21 15:06:46 443][http-nio-8095-exec-1][com.zaxxer.hikari.HikariDataSource:110] HikariPool-1 - Starting...
[INFO][2018-11-21 15:06:47 083][http-nio-8095-exec-1][com.zaxxer.hikari.HikariDataSource:123] HikariPool-1 - Start completed.
[INFO][2018-11-21 15:06:47 459][http-nio-8095-exec-1][c.s.q.c.u.auditlog.AuditLogAspect:81] auditlog||system=system||hostIp=127.0.0.1||userName=system||url=http://localhost:8095/add/req2/getget||getParams={}||postParams=null||userIp=0:0:0:0:0:0:0:1||timestamp=2018-11-21 15:06:47||response={"errno":0,"data":"succeed","errmsg":"success"}||traceid=traceId||level=INFO||result=200
[INFO][2018-11-21 15:06:47 459][http-nio-8095-exec-1][c.s.q.c.u.auditlog.AuditLogAspect:81] auditlog||system=system||hostIp=127.0.0.1||userName=system||url=http://localhost:8095/add/req2/getget||getParams={}||postParams=null||userIp=0:0:0:0:0:0:0:1||timestamp=2018-11-21 15:06:47||response={"errno":0,"data":"succeed","errmsg":"success"}||traceid=traceId||level=INFO||result=200
[INFO][2018-11-21 15:06:47 459][http-nio-8095-exec-1][c.s.q.c.u.t.TimeProfilingAspect:34] execute time profiler: ###RequestController.add, 1076ms
[INFO][2018-11-21 15:06:47 459][http-nio-8095-exec-1][c.s.q.c.u.t.TimeProfilingAspect:34] execute time profiler: ###RequestController.add, 1076ms
[INFO][2018-11-21 15:06:57 198][http-nio-8095-exec-4][c.s.q.c.u.auditlog.AuditLogAspect:81] auditlog||system=system||hostIp=127.0.0.1||userName=system||url=http://localhost:8095/add/req2/getget||getParams={}||postParams=null||userIp=0:0:0:0:0:0:0:1||timestamp=2018-11-21 15:06:57||response={"errno":-1,"data":null,"errmsg":"failed"}||traceid=traceId||level=INFO||result=200
[INFO][2018-11-21 15:06:57 198][http-nio-8095-exec-4][c.s.q.c.u.auditlog.AuditLogAspect:81] auditlog||system=system||hostIp=127.0.0.1||userName=system||url=http://localhost:8095/add/req2/getget||getParams={}||postParams=null||userIp=0:0:0:0:0:0:0:1||timestamp=2018-11-21 15:06:57||response={"errno":-1,"data":null,"errmsg":"failed"}||traceid=traceId||level=INFO||result=200
[INFO][2018-11-21 15:06:57 199][http-nio-8095-exec-4][c.s.q.c.u.t.TimeProfilingAspect:34] execute time profiler: ###RequestController.add, 202ms
[INFO][2018-11-21 15:06:57 199][http-nio-8095-exec-4][c.s.q.c.u.t.TimeProfilingAspect:34] execute time profiler: ###RequestController.add, 202ms
[INFO][2018-11-21 15:07:09 200][http-nio-8095-exec-7][c.s.q.c.u.auditlog.AuditLogAspect:81] auditlog||system=system||hostIp=127.0.0.1||userName=system||url=http://localhost:8095/add/req2/getget3||getParams={}||postParams=null||userIp=0:0:0:0:0:0:0:1||timestamp=2018-11-21 15:07:09||response={"errno":-1,"data":null,"errmsg":"failed"}||traceid=traceId||level=INFO||result=200
[INFO][2018-11-21 15:07:09 200][http-nio-8095-exec-7][c.s.q.c.u.auditlog.AuditLogAspect:81] auditlog||system=system||hostIp=127.0.0.1||userName=system||url=http://localhost:8095/add/req2/getget3||getParams={}||postParams=null||userIp=0:0:0:0:0:0:0:1||timestamp=2018-11-21 15:07:09||response={"errno":-1,"data":null,"errmsg":"failed"}||traceid=traceId||level=INFO||result=200
[INFO][2018-11-21 15:07:09 201][http-nio-8095-exec-7][c.s.q.c.u.t.TimeProfilingAspect:34] execute time profiler: ###RequestController.add, 40ms
[INFO][2018-11-21 15:07:09 201][http-nio-8095-exec-7][c.s.q.c.u.t.TimeProfilingAspect:34] execute time profiler: ###RequestController.add, 40ms
[INFO][2018-11-21 15:07:13 317][http-nio-8095-exec-8][c.s.q.c.u.auditlog.AuditLogAspect:81] auditlog||system=system||hostIp=127.0.0.1||userName=system||url=http://localhost:8095/add/req2/getget3||getParams={}||postParams=null||userIp=0:0:0:0:0:0:0:1||timestamp=2018-11-21 15:07:13||response={"errno":-1,"data":null,"errmsg":"failed"}||traceid=traceId||level=INFO||result=200
[INFO][2018-11-21 15:07:13 317][http-nio-8095-exec-8][c.s.q.c.u.auditlog.AuditLogAspect:81] auditlog||system=system||hostIp=127.0.0.1||userName=system||url=http://localhost:8095/add/req2/getget3||getParams={}||postParams=null||userIp=0:0:0:0:0:0:0:1||timestamp=2018-11-21 15:07:13||response={"errno":-1,"data":null,"errmsg":"failed"}||traceid=traceId||level=INFO||result=200
[INFO][2018-11-21 15:07:13 319][http-nio-8095-exec-8][c.s.q.c.u.t.TimeProfilingAspect:34] execute time profiler: ###RequestController.add, 69ms
[INFO][2018-11-21 15:07:13 319][http-nio-8095-exec-8][c.s.q.c.u.t.TimeProfilingAspect:34] execute time profiler: ###RequestController.add, 69ms
[INFO][2018-11-21 15:07:20 647][http-nio-8095-exec-10][c.s.q.c.u.auditlog.AuditLogAspect:81] auditlog||system=system||hostIp=127.0.0.1||userName=system||url=http://localhost:8095/add/req2/getget34||getParams={}||postParams=null||userIp=0:0:0:0:0:0:0:1||timestamp=2018-11-21 15:07:20||response={"errno":-1,"data":null,"errmsg":"failed"}||traceid=traceId||level=INFO||result=200
[INFO][2018-11-21 15:07:20 647][http-nio-8095-exec-10][c.s.q.c.u.auditlog.AuditLogAspect:81] auditlog||system=system||hostIp=127.0.0.1||userName=system||url=http://localhost:8095/add/req2/getget34||getParams={}||postParams=null||userIp=0:0:0:0:0:0:0:1||timestamp=2018-11-21 15:07:20||response={"errno":-1,"data":null,"errmsg":"failed"}||traceid=traceId||level=INFO||result=200
[INFO][2018-11-21 15:07:20 649][http-nio-8095-exec-10][c.s.q.c.u.t.TimeProfilingAspect:34] execute time profiler: ###RequestController.add, 111ms
[INFO][2018-11-21 15:07:20 649][http-nio-8095-exec-10][c.s.q.c.u.t.TimeProfilingAspect:34] execute time profiler: ###RequestController.add, 111ms
[INFO][2018-11-21 15:07:22 274][http-nio-8095-exec-1][c.s.q.c.u.auditlog.AuditLogAspect:81] auditlog||system=system||hostIp=127.0.0.1||userName=system||url=http://localhost:8095/add/req2/getget34||getParams={}||postParams=null||userIp=0:0:0:0:0:0:0:1||timestamp=2018-11-21 15:07:22||response={"errno":-1,"data":null,"errmsg":"failed"}||traceid=traceId||level=INFO||result=200
[INFO][2018-11-21 15:07:22 274][http-nio-8095-exec-1][c.s.q.c.u.auditlog.AuditLogAspect:81] auditlog||system=system||hostIp=127.0.0.1||userName=system||url=http://localhost:8095/add/req2/getget34||getParams={}||postParams=null||userIp=0:0:0:0:0:0:0:1||timestamp=2018-11-21 15:07:22||response={"errno":-1,"data":null,"errmsg":"failed"}||traceid=traceId||level=INFO||result=200
[INFO][2018-11-21 15:07:22 274][http-nio-8095-exec-1][c.s.q.c.u.t.TimeProfilingAspect:34] execute time profiler: ###RequestController.add, 53ms
[INFO][2018-11-21 15:07:22 274][http-nio-8095-exec-1][c.s.q.c.u.t.TimeProfilingAspect:34] execute time profiler: ###RequestController.add, 53ms
[INFO][2018-11-21 15:07:32 796][http-nio-8095-exec-4][c.s.q.c.u.auditlog.AuditLogAspect:81] auditlog||system=system||hostIp=127.0.0.1||userName=system||url=http://localhost:8095/add/req4/getget34||getParams={}||postParams=null||userIp=0:0:0:0:0:0:0:1||timestamp=2018-11-21 15:07:32||response={"errno":0,"data":"succeed","errmsg":"success"}||traceid=traceId||level=INFO||result=200
[INFO][2018-11-21 15:07:32 796][http-nio-8095-exec-4][c.s.q.c.u.auditlog.AuditLogAspect:81] auditlog||system=system||hostIp=127.0.0.1||userName=system||url=http://localhost:8095/add/req4/getget34||getParams={}||postParams=null||userIp=0:0:0:0:0:0:0:1||timestamp=2018-11-21 15:07:32||response={"errno":0,"data":"succeed","errmsg":"success"}||traceid=traceId||level=INFO||result=200
[INFO][2018-11-21 15:07:32 797][http-nio-8095-exec-4][c.s.q.c.u.t.TimeProfilingAspect:34] execute time profiler: ###RequestController.add, 32ms
[INFO][2018-11-21 15:07:32 797][http-nio-8095-exec-4][c.s.q.c.u.t.TimeProfilingAspect:34] execute time profiler: ###RequestController.add, 32ms
[INFO][2018-11-21 15:11:19 887][Thread-3][com.zaxxer.hikari.HikariDataSource:350] HikariPool-1 - Shutdown initiated...
[INFO][2018-11-21 15:11:19 936][Thread-3][com.zaxxer.hikari.HikariDataSource:352] HikariPool-1 - Shutdown completed.
[INFO][2018-11-21 15:11:27 734][main][com.study.query_creator.App:50] Starting App on localhost with PID 34494 (/Users/didi/study/query_creator_with_status/target/classes started by didi in /Users/didi/study/query_creator_with_status)
[INFO][2018-11-21 15:11:27 734][main][com.study.query_creator.App:50] Starting App on localhost with PID 34494 (/Users/didi/study/query_creator_with_status/target/classes started by didi in /Users/didi/study/query_creator_with_status)
[INFO][2018-11-21 15:11:27 744][main][com.study.query_creator.App:679] The following profiles are active: dev
[INFO][2018-11-21 15:11:27 744][main][com.study.query_creator.App:679] The following profiles are active: dev
[INFO][2018-11-21 15:11:34 663][main][com.study.query_creator.App:59] Started App in 8.246 seconds (JVM running for 8.981)
[INFO][2018-11-21 15:11:34 663][main][com.study.query_creator.App:59] Started App in 8.246 seconds (JVM running for 8.981)
[INFO][2018-11-21 15:11:35 226][http-nio-8095-exec-1][c.s.q.c.u.invokelog.InvokeLogAspect:57] method invoke before log,invokeTraceId:[341be693-7814-4b39-b279-98de3044ef99],Method : [com.study.query_creator.web.controller.RequestController#add(java.lang.String,java.lang.String,com.study.query_creator.model.SsoUser)],Args : [[req5, getget34, SsoUser(userName=null, traceId=null)]]
[INFO][2018-11-21 15:11:35 226][http-nio-8095-exec-1][c.s.q.c.u.invokelog.InvokeLogAspect:57] method invoke before log,invokeTraceId:[341be693-7814-4b39-b279-98de3044ef99],Method : [com.study.query_creator.web.controller.RequestController#add(java.lang.String,java.lang.String,com.study.query_creator.model.SsoUser)],Args : [[req5, getget34, SsoUser(userName=null, traceId=null)]]
[INFO][2018-11-21 15:11:35 257][http-nio-8095-exec-1][com.zaxxer.hikari.HikariDataSource:110] HikariPool-1 - Starting...
[INFO][2018-11-21 15:11:35 811][http-nio-8095-exec-1][com.zaxxer.hikari.HikariDataSource:123] HikariPool-1 - Start completed.
[INFO][2018-11-21 15:11:36 061][http-nio-8095-exec-1][c.s.q.c.u.auditlog.AuditLogAspect:81] auditlog||system=system||hostIp=127.0.0.1||userName=system||url=http://localhost:8095/add/req5/getget34||getParams={}||postParams=null||userIp=0:0:0:0:0:0:0:1||timestamp=2018-11-21 15:11:36||response={"errno":0,"data":"succeed","errmsg":"success"}||traceid=traceId||level=INFO||result=200
[INFO][2018-11-21 15:11:36 061][http-nio-8095-exec-1][c.s.q.c.u.auditlog.AuditLogAspect:81] auditlog||system=system||hostIp=127.0.0.1||userName=system||url=http://localhost:8095/add/req5/getget34||getParams={}||postParams=null||userIp=0:0:0:0:0:0:0:1||timestamp=2018-11-21 15:11:36||response={"errno":0,"data":"succeed","errmsg":"success"}||traceid=traceId||level=INFO||result=200
[INFO][2018-11-21 15:11:36 062][http-nio-8095-exec-1][c.s.q.c.u.invokelog.InvokeLogAspect:65] method invoke after log,invokeTraceId:[341be693-7814-4b39-b279-98de3044ef99],Method : [com.study.query_creator.web.controller.RequestController#add(java.lang.String,java.lang.String,com.study.query_creator.model.SsoUser)],return type :[com.study.query_creator.model.JsonResult],return value:[com.study.query_creator.model.JsonResult@7734088c]
[INFO][2018-11-21 15:11:36 062][http-nio-8095-exec-1][c.s.q.c.u.invokelog.InvokeLogAspect:65] method invoke after log,invokeTraceId:[341be693-7814-4b39-b279-98de3044ef99],Method : [com.study.query_creator.web.controller.RequestController#add(java.lang.String,java.lang.String,com.study.query_creator.model.SsoUser)],return type :[com.study.query_creator.model.JsonResult],return value:[com.study.query_creator.model.JsonResult@7734088c]
[INFO][2018-11-21 15:11:36 063][http-nio-8095-exec-1][c.s.q.c.u.t.TimeProfilingAspect:34] execute time profiler: ###RequestController.add, 846ms
[INFO][2018-11-21 15:11:36 063][http-nio-8095-exec-1][c.s.q.c.u.t.TimeProfilingAspect:34] execute time profiler: ###RequestController.add, 846ms
